生成启动时间为 2014/12/2 16:23:06。
     1>项目“C:\Users\94805_000\Documents\Visual Studio 2010\Projects\fivetiger\fivetiger\fivetiger.vcxproj”在节点 2 上(build 个目标)。
     1>InitializeBuildStatus:
         正在创建“Debug\Fivetiger.unsuccessfulbuild”，因为已指定“AlwaysCreate”。
       CustomBuild:
         所有输出均为最新。
       ClCompile:
         C:\Program Files (x86)\Microsoft Visual Studio 10.0\VC\bin\CL.exe /c /I.\GeneratedFiles /I. /IC:\Qt\Qt5.1.1\5.1.1\msvc2010\include /I.\GeneratedFiles\Debug /IC:\Qt\Qt5.1.1\5.1.1\msvc2010\include\QtCore /IC:\Qt\Qt5.1.1\5.1.1\msvc2010\include\QtGui /IC:\Qt\Qt5.1.1\5.1.1\msvc2010\include\QtWidgets /Zi /nologo /W1 /WX- /Od /Oy- /D UNICODE /D WIN32 /D WIN64 /D QT_DLL /D QT_CORE_LIB /D QT_GUI_LIB /D QT_WIDGETS_LIB /Gm- /EHsc /MDd /GS /fp:precise /Zc:wchar_t /Zc:forScope /Fo"Debug\\" /Fd"Debug\vc100.pdb" /Gd /TP /analyze- /errorReport:prompt Fivetiger.cpp
         Fivetiger.cpp
         所有输出均为最新。
       ResourceCompile:
         所有输出均为最新。
       Link:
         C:\Program Files (x86)\Microsoft Visual Studio 10.0\VC\bin\link.exe /ERRORREPORT:PROMPT /OUT:"C:\Users\94805_000\Documents\Visual Studio 2010\Projects\fivetiger\Win32\Debug\\Fivetiger.exe" /NOLOGO /LIBPATH:C:\Qt\Qt5.1.1\5.1.1\msvc2010\lib qtmaind.lib Qt5Cored.lib Qt5Guid.lib Qt5Widgetsd.lib kernel32.lib user32.lib gdi32.lib winspool.lib comdlg32.lib advapi32.lib shell32.lib ole32.lib oleaut32.lib uuid.lib odbc32.lib odbccp32.lib /MANIFEST /ManifestFile:"Debug\Fivetiger.exe.intermediate.manifest" /MANIFESTUAC:"level='asInvoker' uiAccess='false'" /DEBUG /PDB:"C:\Users\94805_000\Documents\Visual Studio 2010\Projects\fivetiger\Win32\Debug\Fivetiger.pdb" /SUBSYSTEM:WINDOWS /TLBID:1 /DYNAMICBASE /NXCOMPAT /IMPLIB:"C:\Users\94805_000\Documents\Visual Studio 2010\Projects\fivetiger\Win32\Debug\Fivetiger.lib" /MACHINE:X86 Debug\Fivetiger.res
         Debug\AIPlayer.obj
         Debug\ChessBoard.obj
         Debug\Fivetiger.obj
         Debug\FlagInfo.obj
         Debug\GameLogic.obj
         Debug\moc_Fivetiger.obj
         Debug\qrc_Fivetiger.obj
         Debug\main.obj
         Debug\MidLevelAIPlayer.obj
         Debug\PersonPlayer.obj
         Debug\RandomAIPlayer.obj
         Debug\ScoreAIPlayer.obj
         Debug\Step.obj
         LINK : 没有找到 C:\Users\94805_000\Documents\Visual Studio 2010\Projects\fivetiger\Win32\Debug\\Fivetiger.exe 或上一个增量链接没有生成它；正在执行完全链接
         fivetiger.vcxproj -> C:\Users\94805_000\Documents\Visual Studio 2010\Projects\fivetiger\Win32\Debug\Fivetiger.exe
       Manifest:
         C:\Program Files (x86)\Microsoft SDKs\Windows\v7.0A\bin\mt.exe /nologo /verbose /outputresource:"C:\Users\94805_000\Documents\Visual Studio 2010\Projects\fivetiger\Win32\Debug\\Fivetiger.exe;#1" /manifest Debug\Fivetiger.exe.intermediate.manifest
       FinalizeBuildStatus:
         正在删除文件“Debug\Fivetiger.unsuccessfulbuild”。
         正在对“Debug\Fivetiger.lastbuildstate”执行 Touch 任务。
     1>已完成生成项目“C:\Users\94805_000\Documents\Visual Studio 2010\Projects\fivetiger\fivetiger\fivetiger.vcxproj”(build 个目标)的操作。

生成成功。

已用时间 00:00:01.68
